<?xml version="1.0" encoding="UTF-8" ?>
<testsuites>
  <testsuite errors="0" failures="0" hostname="Serenity" id="0" name="DelayedBoardingTest" package="" skipped="0" tests="1" time="0.031" timestamp="2016-05-01T20:57:34">
      <properties>
[...]
</properties>

      <testcase classname="DelayedBoardingTest" name="boardingTimeTest" time="0.0" />

      <system-out><![CDATA[]]></system-out>

      <system-err><![CDATA[]]></system-err>

  </testsuite>
  <testsuite errors="0" failures="0" hostname="Serenity" id="1" name="LightRailSimulationDriverTest" package="" skipped="0" tests="1" time="0.093" timestamp="2016-05-01T20:57:34">
      <properties>
[...]
</properties>

      <testcase classname="LightRailSimulationDriverTest" name="driverTest" time="0.062" />

      <system-out><![CDATA[+==============================+
| Light Rail Simulation Driver |
+==============================+

[Initial] Model State:
Current time: 00:00:00
00:00:00


[Final] Model State:
Current time: 23:59:00
00:00:00

]]></system-out>

      <system-err><![CDATA[]]></system-err>

  </testsuite>
  <testsuite errors="0" failures="0" hostname="Serenity" id="2" name="LinearBoardingTest" package="" skipped="0" tests="1" time="0.031" timestamp="2016-05-01T20:57:35">
      <properties>
[...]
</properties>

      <testcase classname="LinearBoardingTest" name="boardingTimeTest" time="0.0" />

      <system-out><![CDATA[]]></system-out>

      <system-err><![CDATA[]]></system-err>

  </testsuite>
  <testsuite errors="0" failures="1" hostname="Serenity" id="3" name="PassengerArrivalFunctionTest" package="" skipped="0" tests="6" time="0.312" timestamp="2016-05-01T20:57:35">
      <properties>
[...]
</properties>

      <testcase classname="PassengerArrivalFunctionTest" name="standardArrivalsTest" time="0.047" />

      <testcase classname="PassengerArrivalFunctionTest" name="uniformArrivalsBoundaryTest" time="0.0" />

      <testcase classname="PassengerArrivalFunctionTest" name="poissonArrivalsTest" time="0.062" />

      <testcase classname="PassengerArrivalFunctionTest" name="uniformArrivalsTest" time="0.0" />

      <testcase classname="PassengerArrivalFunctionTest" name="poissonArrivalsBoundaryTest" time="0.0" />

      <testcase classname="PassengerArrivalFunctionTest" name="arrivalDataAccessTest" time="0.156">
          <failure message="May fail due to random sequence." type="junit.framework.AssertionFailedError">junit.framework.AssertionFailedError: May fail due to random sequence.
	at PassengerArrivalFunctionTest.arrivalDataAccessTest(PassengerArrivalFunctionTest.java:19)
</failure>

      </testcase>

      <system-out><![CDATA[]]></system-out>

      <system-err><![CDATA[]]></system-err>

  </testsuite>
  <testsuite errors="0" failures="0" hostname="Serenity" id="4" name="PassengerTest" package="" skipped="0" tests="3" time="0.062" timestamp="2016-05-01T20:57:36">
      <properties>
[...]
</properties>

      <testcase classname="PassengerTest" name="secondNullStationExceptionTest" time="0.015" />

      <testcase classname="PassengerTest" name="stationTest" time="0.0" />

      <testcase classname="PassengerTest" name="firstNullStationExceptionTest" time="0.0" />

      <system-out><![CDATA[]]></system-out>

      <system-err><![CDATA[]]></system-err>

  </testsuite>
  <testsuite errors="0" failures="0" hostname="Serenity" id="5" name="PoissonTest" package="" skipped="0" tests="6" time="0.156" timestamp="2016-05-01T20:57:36">
      <properties>
[...]
</properties>

      <testcase classname="PoissonTest" name="positiveInfinityMeanThrowsIllegalArgumentException" time="0.0" />

      <testcase classname="PoissonTest" name="zeroMeanThrowsIllegalArgumentException" time="0.0" />

      <testcase classname="PoissonTest" name="fiftyMeanSampleTest" time="0.109" />

      <testcase classname="PoissonTest" name="smallMeanSampleTest" time="0.0" />

      <testcase classname="PoissonTest" name="negativeInfinityMeanThrowsIllegalArgumentException" time="0.0" />

      <testcase classname="PoissonTest" name="negativeMeanThrowsIllegalArgumentException" time="0.0" />

      <system-out><![CDATA[]]></system-out>

      <system-err><![CDATA[]]></system-err>

  </testsuite>
  <testsuite errors="0" failures="0" hostname="Serenity" id="6" name="RouteTest" package="" skipped="0" tests="13" time="0.078" timestamp="2016-05-01T20:57:36">
      <properties>
[...]
</properties>

      <testcase classname="RouteTest" name="testTimeListSizeFromEmptyObject" time="0.016" />

      <testcase classname="RouteTest" name="ensureDeepCopyOfTravelTimesIsSameAsOriginal" time="0.0" />

      <testcase classname="RouteTest" name="testTimesListObjectIsNonEmptyTimeObject" time="0.0" />

      <testcase classname="RouteTest" name="ensureListTakesThreeStationObjects" time="0.016" />

      <testcase classname="RouteTest" name="testTimeListForOnlyTwoNonEmtpyTimeObjects" time="0.0" />

      <testcase classname="RouteTest" name="testStationListForAddedObjects" time="0.015" />

      <testcase classname="RouteTest" name="testStaionListSizeFromEmptyObject" time="0.0" />

      <testcase classname="RouteTest" name="ensureObjectInRouteObjectStationListIsStationObject" time="0.0" />

      <testcase classname="RouteTest" name="ensureTimeListElementsEqualsTheNonEmptyTimeObjectsCreated" time="0.0" />

      <testcase classname="RouteTest" name="ensureStationListElementsEqualStationObjectsAdded" time="0.0" />

      <testcase classname="RouteTest" name="stationListSizeTestWithOneStation" time="0.0" />

      <testcase classname="RouteTest" name="testTimesListHasAddedObjectfromOnlyNonEmptyTimeObject" time="0.0" />

      <testcase classname="RouteTest" name="ensureDeepCopyOfStationsIsSameAsOriginal" time="0.0" />

      <system-out><![CDATA[]]></system-out>

      <system-err><![CDATA[]]></system-err>

  </testsuite>
  <testsuite errors="0" failures="0" hostname="Serenity" id="7" name="ScheduleTest" package="" skipped="0" tests="6" time="0.047" timestamp="2016-05-01T20:57:36">
      <properties>
[...]
</properties>

      <testcase classname="ScheduleTest" name="chronologicalOrderTest" time="0.015" />

      <testcase classname="ScheduleTest" name="testCopyConstructor" time="0.0" />

      <testcase classname="ScheduleTest" name="emptyTimeListTest" time="0.0" />

      <testcase classname="ScheduleTest" name="addDepartureTimeTest" time="0.0" />

      <testcase classname="ScheduleTest" name="testForDuplicateDepartureTimesByListSize" time="0.0" />

      <testcase classname="ScheduleTest" name="additionalAddDepartureTest" time="0.0" />

      <system-out><![CDATA[]]></system-out>

      <system-err><![CDATA[]]></system-err>

  </testsuite>
  <testsuite errors="0" failures="1" hostname="Serenity" id="8" name="SimulationTest" package="" skipped="0" tests="4" time="0.078" timestamp="2016-05-01T20:57:37">
      <properties>
[...]
</properties>

      <testcase classname="SimulationTest" name="testEmptyModel" time="0.0" />

      <testcase classname="SimulationTest" name="testMultipleDepartures" time="0.015">
          <failure message="expected:&lt;1&gt; but was:&lt;0&gt;" type="junit.framework.AssertionFailedError">junit.framework.AssertionFailedError: expected:&lt;1&gt; but was:&lt;0&gt;
	at SimulationTest.testMultipleDepartures(SimulationTest.java:102)
</failure>

      </testcase>

      <testcase classname="SimulationTest" name="testRoute" time="0.016" />

      <testcase classname="SimulationTest" name="testTrainDepartures" time="0.0" />

      <system-out><![CDATA[]]></system-out>

      <system-err><![CDATA[]]></system-err>

  </testsuite>
  <testsuite errors="0" failures="0" hostname="Serenity" id="9" name="StationTest" package="" skipped="0" tests="4" time="0.046" timestamp="2016-05-01T20:57:37">
      <properties>
[...]
</properties>

      <testcase classname="StationTest" name="passengerArrivalFunctionTest" time="0.0" />

      <testcase classname="StationTest" name="addMultiplePassengersTest" time="0.0" />

      <testcase classname="StationTest" name="nullPassengerArrivalFuncTest" time="0.0" />

      <testcase classname="StationTest" name="nextPassengerTest" time="0.0" />

      <system-out><![CDATA[]]></system-out>

      <system-err><![CDATA[]]></system-err>

  </testsuite>
  <testsuite errors="0" failures="0" hostname="Serenity" id="10" name="TimeTest" package="" skipped="0" tests="6" time="0.062" timestamp="2016-05-01T20:57:37">
      <properties>
[...]
</properties>

      <testcase classname="TimeTest" name="durationTest" time="0.0" />

      <testcase classname="TimeTest" name="asMinutesTest" time="0.0" />

      <testcase classname="TimeTest" name="comparisonHoursMinutesTest" time="0.0" />

      <testcase classname="TimeTest" name="comparisonHoursMinutesSecondsTest" time="0.0" />

      <testcase classname="TimeTest" name="rolloverSecondsTest" time="0.0" />

      <testcase classname="TimeTest" name="rolloverMinutesTest" time="0.0" />

      <system-out><![CDATA[]]></system-out>

      <system-err><![CDATA[]]></system-err>

  </testsuite>
  <testsuite errors="0" failures="2" hostname="Serenity" id="11" name="TrainTest" package="" skipped="0" tests="19" time="0.063" timestamp="2016-05-01T20:57:37">
      <properties>
[...]
</properties>

      <testcase classname="TrainTest" name="testAddingOnePassenger" time="0.0" />

      <testcase classname="TrainTest" name="overBoardTest" time="0.0" />

      <testcase classname="TrainTest" name="testEmptyTrain" time="0.0" />

      <testcase classname="TrainTest" name="disembarkNonBoardedCollectionTest" time="0.0" />

      <testcase classname="TrainTest" name="repeatBoardTest" time="0.0" />

      <testcase classname="TrainTest" name="disembarkNullTest" time="0.0" />

      <testcase classname="TrainTest" name="collectionSizeTest" time="0.0" />

      <testcase classname="TrainTest" name="boardAllTest" time="0.0">
          <failure type="junit.framework.AssertionFailedError">junit.framework.AssertionFailedError
	at TrainTest.boardAllTest(TrainTest.java:210)
</failure>

      </testcase>

      <testcase classname="TrainTest" name="disembarkAllTest" time="0.0" />

      <testcase classname="TrainTest" name="disembarkAllEmptyTrainTest" time="0.0" />

      <testcase classname="TrainTest" name="boardAllOverboardTest" time="0.0" />

      <testcase classname="TrainTest" name="passengersTest" time="0.016">
          <failure type="junit.framework.AssertionFailedError">junit.framework.AssertionFailedError
	at TrainTest.passengersTest(TrainTest.java:239)
</failure>

      </testcase>

      <testcase classname="TrainTest" name="capacityTest" time="0.0" />

      <testcase classname="TrainTest" name="ensureDeepCopyOfBoardedPassengersIsSameAsOriginal" time="0.0" />

      <testcase classname="TrainTest" name="multipleBoardTest" time="0.0" />

      <testcase classname="TrainTest" name="testFillingTrainToCapacity" time="0.0" />

      <testcase classname="TrainTest" name="disembarkTest" time="0.0" />

      <testcase classname="TrainTest" name="disembarkNonBoardedPassengerTest" time="0.0" />

      <testcase classname="TrainTest" name="disembarkAllNullTest" time="0.0" />

      <system-out><![CDATA[]]></system-out>

      <system-err><![CDATA[]]></system-err>

  </testsuite>
  <testsuite errors="0" failures="0" hostname="Serenity" id="12" name="UniformTest" package="" skipped="0" tests="4" time="0.062" timestamp="2016-05-01T20:57:38">
      <properties>
[...]
</properties>

      <testcase classname="UniformTest" name="twoPointFiveMeanSampleTest" time="0.0" />

      <testcase classname="UniformTest" name="oneMeanSampleTest" time="0.0" />

      <testcase classname="UniformTest" name="fiftyMeanSampleTest" time="0.015" />

      <testcase classname="UniformTest" name="onePointFiveMeanSampleTest" time="0.0" />

      <system-out><![CDATA[]]></system-out>

      <system-err><![CDATA[]]></system-err>

  </testsuite>
</testsuites>
