<?xml version="1.0" encoding="UTF-8" ?>
<testsuite errors="0" failures="0" hostname="Serenity" name="ScheduleTest" skipped="0" tests="6" time="0.047" timestamp="2016-05-01T20:57:36">
  <properties>
[...]
</properties>
  <testcase classname="ScheduleTest" name="chronologicalOrderTest" time="0.015" />
  <testcase classname="ScheduleTest" name="testCopyConstructor" time="0.0" />
  <testcase classname="ScheduleTest" name="emptyTimeListTest" time="0.0" />
  <testcase classname="ScheduleTest" name="addDepartureTimeTest" time="0.0" />
  <testcase classname="ScheduleTest" name="testForDuplicateDepartureTimesByListSize" time="0.0" />
  <testcase classname="ScheduleTest" name="additionalAddDepartureTest" time="0.0" />
  <system-out><![CDATA[]]></system-out>
  <system-err><![CDATA[]]></system-err>
</testsuite>
